  Utility.cpp
  SoundManager.cpp
  ShaderLibrary.cpp
  Screen.cpp
  RenderableObject.cpp
  PrimitiveCollisions.cpp
  ObjectInstance.cpp
  ModelLibrary.cpp
  Model.cpp
  main.cpp
  Loader.cpp
  Interface2D.cpp
c:\users\dan\desktop\engine\engine\openglengine\openglengine\interface2d.cpp(36): warning C4477: 'printf' : format string '%s' requires an argument of type 'char *', but variadic argument 1 has type 'string'
  InputManager.cpp
  Generating Code...
InputManager.obj : error LNK2019: unresolved external symbol _SDL_GetKeyboardState referenced in function "public: void __thiscall InputManager::Update(void)" (?Update@InputManager@@QAEXXZ)
InputManager.obj : error LNK2019: unresolved external symbol _SDL_PumpEvents referenced in function "public: void __thiscall InputManager::Update(void)" (?Update@InputManager@@QAEXXZ)
Interface2D.obj : error LNK2019: unresolved external symbol _SDL_CreateRGBSurface referenced in function "void __cdecl drawImage(class std::basic_string<char,struct std::char_traits<char>,class std::allocator<char> >)" (?drawImage@@YAXV?$basic_string@DU?$char_traits@D@std@@V?$allocator@D@2@@std@@@Z)
Interface2D.obj : error LNK2019: unresolved external symbol _SDL_FreeSurface referenced in function "void __cdecl drawImage(class std::basic_string<char,struct std::char_traits<char>,class std::allocator<char> >)" (?drawImage@@YAXV?$basic_string@DU?$char_traits@D@std@@V?$allocator@D@2@@std@@@Z)
Interface2D.obj : error LNK2019: unresolved external symbol _SDL_UpperBlit referenced in function "void __cdecl drawImage(class std::basic_string<char,struct std::char_traits<char>,class std::allocator<char> >)" (?drawImage@@YAXV?$basic_string@DU?$char_traits@D@std@@V?$allocator@D@2@@std@@@Z)
Interface2D.obj : error LNK2019: unresolved external symbol __imp__glBindTexture@8 referenced in function "void __cdecl drawImage(class std::basic_string<char,struct std::char_traits<char>,class std::allocator<char> >)" (?drawImage@@YAXV?$basic_string@DU?$char_traits@D@std@@V?$allocator@D@2@@std@@@Z)
RenderableObject.obj : error LNK2001: unresolved external symbol __imp__glBindTexture@8
Interface2D.obj : error LNK2019: unresolved external symbol __imp__glDeleteTextures@8 referenced in function "void __cdecl drawImage(class std::basic_string<char,struct std::char_traits<char>,class std::allocator<char> >)" (?drawImage@@YAXV?$basic_string@DU?$char_traits@D@std@@V?$allocator@D@2@@std@@@Z)
Interface2D.obj : error LNK2019: unresolved external symbol __imp__glDisable@4 referenced in function "void __cdecl drawImage(class std::basic_string<char,struct std::char_traits<char>,class std::allocator<char> >)" (?drawImage@@YAXV?$basic_string@DU?$char_traits@D@std@@V?$allocator@D@2@@std@@@Z)
Interface2D.obj : error LNK2019: unresolved external symbol __imp__glDrawArrays@12 referenced in function "void __cdecl drawImage(class std::basic_string<char,struct std::char_traits<char>,class std::allocator<char> >)" (?drawImage@@YAXV?$basic_string@DU?$char_traits@D@std@@V?$allocator@D@2@@std@@@Z)
RenderableObject.obj : error LNK2001: unresolved external symbol __imp__glDrawArrays@12
Interface2D.obj : error LNK2019: unresolved external symbol __imp__glEnable@4 referenced in function "void __cdecl drawImage(class std::basic_string<char,struct std::char_traits<char>,class std::allocator<char> >)" (?drawImage@@YAXV?$basic_string@DU?$char_traits@D@std@@V?$allocator@D@2@@std@@@Z)
RenderableObject.obj : error LNK2001: unresolved external symbol __imp__glEnable@4
Interface2D.obj : error LNK2019: unresolved external symbol __imp__glFlush@0 referenced in function "void __cdecl drawImage(class std::basic_string<char,struct std::char_traits<char>,class std::allocator<char> >)" (?drawImage@@YAXV?$basic_string@DU?$char_traits@D@std@@V?$allocator@D@2@@std@@@Z)
main.obj : error LNK2001: unresolved external symbol __imp__glFlush@0
Interface2D.obj : error LNK2019: unresolved external symbol __imp__glGenTextures@8 referenced in function "void __cdecl drawImage(class std::basic_string<char,struct std::char_traits<char>,class std::allocator<char> >)" (?drawImage@@YAXV?$basic_string@DU?$char_traits@D@std@@V?$allocator@D@2@@std@@@Z)
Interface2D.obj : error LNK2019: unresolved external symbol __imp__glTexImage2D@36 referenced in function "void __cdecl drawImage(class std::basic_string<char,struct std::char_traits<char>,class std::allocator<char> >)" (?drawImage@@YAXV?$basic_string@DU?$char_traits@D@std@@V?$allocator@D@2@@std@@@Z)
Interface2D.obj : error LNK2019: unresolved external symbol __imp__glTexParameterf@12 referenced in function "void __cdecl drawImage(class std::basic_string<char,struct std::char_traits<char>,class std::allocator<char> >)" (?drawImage@@YAXV?$basic_string@DU?$char_traits@D@std@@V?$allocator@D@2@@std@@@Z)
Interface2D.obj : error LNK2019: unresolved external symbol "public: unsigned int __thiscall Shader::attribute(class std::basic_string<char,struct std::char_traits<char>,class std::allocator<char> >)const " (?attribute@Shader@@QBEIV?$basic_string@DU?$char_traits@D@std@@V?$allocator@D@2@@std@@@Z) referenced in function "void __cdecl drawImage(class std::basic_string<char,struct std::char_traits<char>,class std::allocator<char> >)" (?drawImage@@YAXV?$basic_string@DU?$char_traits@D@std@@V?$allocator@D@2@@std@@@Z)
RenderableObject.obj : error LNK2001: unresolved external symbol "public: unsigned int __thiscall Shader::attribute(class std::basic_string<char,struct std::char_traits<char>,class std::allocator<char> >)const " (?attribute@Shader@@QBEIV?$basic_string@DU?$char_traits@D@std@@V?$allocator@D@2@@std@@@Z)
Interface2D.obj : error LNK2019: unresolved external symbol "public: unsigned int __thiscall Shader::uniform(class std::basic_string<char,struct std::char_traits<char>,class std::allocator<char> >)const " (?uniform@Shader@@QBEIV?$basic_string@DU?$char_traits@D@std@@V?$allocator@D@2@@std@@@Z) referenced in function "public: void __thiscall Shader::transmitUniform<int>(class std::basic_string<char,struct std::char_traits<char>,class std::allocator<char> >,int)const " (??$transmitUniform@H@Shader@@QBEXV?$basic_string@DU?$char_traits@D@std@@V?$allocator@D@2@@std@@H@Z)
RenderableObject.obj : error LNK2001: unresolved external symbol "public: unsigned int __thiscall Shader::uniform(class std::basic_string<char,struct std::char_traits<char>,class std::allocator<char> >)const " (?uniform@Shader@@QBEIV?$basic_string@DU?$char_traits@D@std@@V?$allocator@D@2@@std@@@Z)
Interface2D.obj : error LNK2019: unresolved external symbol "public: bool __thiscall Shader::hasUniform(class std::basic_string<char,struct std::char_traits<char>,class std::allocator<char> >)const " (?hasUniform@Shader@@QBE_NV?$basic_string@DU?$char_traits@D@std@@V?$allocator@D@2@@std@@@Z) referenced in function "public: void __thiscall Shader::transmitUniform<int>(class std::basic_string<char,struct std::char_traits<char>,class std::allocator<char> >,int)const " (??$transmitUniform@H@Shader@@QBEXV?$basic_string@DU?$char_traits@D@std@@V?$allocator@D@2@@std@@H@Z)
RenderableObject.obj : error LNK2001: unresolved external symbol "public: bool __thiscall Shader::hasUniform(class std::basic_string<char,struct std::char_traits<char>,class std::allocator<char> >)const " (?hasUniform@Shader@@QBE_NV?$basic_string@DU?$char_traits@D@std@@V?$allocator@D@2@@std@@@Z)
Interface2D.obj : error LNK2019: unresolved external symbol _IMG_Load referenced in function "void __cdecl drawImage(class std::basic_string<char,struct std::char_traits<char>,class std::allocator<char> >)" (?drawImage@@YAXV?$basic_string@DU?$char_traits@D@std@@V?$allocator@D@2@@std@@@Z)
Interface2D.obj : error LNK2019: unresolved external symbol _TTF_OpenFont referenced in function "void __cdecl drawText(int,class std::basic_string<char,struct std::char_traits<char>,class std::allocator<char> >,class std::basic_string<char,struct std::char_traits<char>,class std::allocator<char> >,int,int,struct glm::tvec3<float,0>)" (?drawText@@YAXHV?$basic_string@DU?$char_traits@D@std@@V?$allocator@D@2@@std@@0HHU?$tvec3@M$0A@@glm@@@Z)
Interface2D.obj : error LNK2019: unresolved external symbol _TTF_RenderText_Blended referenced in function "void __cdecl drawText(int,class std::basic_string<char,struct std::char_traits<char>,class std::allocator<char> >,class std::basic_string<char,struct std::char_traits<char>,class std::allocator<char> >,int,int,struct glm::tvec3<float,0>)" (?drawText@@YAXHV?$basic_string@DU?$char_traits@D@std@@V?$allocator@D@2@@std@@0HHU?$tvec3@M$0A@@glm@@@Z)
Interface2D.obj : error LNK2019: unresolved external symbol _TTF_CloseFont referenced in function "void __cdecl drawText(int,class std::basic_string<char,struct std::char_traits<char>,class std::allocator<char> >,class std::basic_string<char,struct std::char_traits<char>,class std::allocator<char> >,int,int,struct glm::tvec3<float,0>)" (?drawText@@YAXHV?$basic_string@DU?$char_traits@D@std@@V?$allocator@D@2@@std@@0HHU?$tvec3@M$0A@@glm@@@Z)
main.obj : error LNK2019: unresolved external symbol _SDL_GetError referenced in function "bool __cdecl initSDL(void)" (?initSDL@@YA_NXZ)
SoundManager.obj : error LNK2001: unresolved external symbol _SDL_GetError
main.obj : error LNK2019: unresolved external symbol _SDL_CreateWindow referenced in function "bool __cdecl initSDL(void)" (?initSDL@@YA_NXZ)
main.obj : error LNK2019: unresolved external symbol _SDL_GL_CreateContext referenced in function "bool __cdecl initSDL(void)" (?initSDL@@YA_NXZ)
main.obj : error LNK2019: unresolved external symbol _SDL_GL_SwapWindow referenced in function "void __cdecl Render(void)" (?Render@@YAXXZ)
main.obj : error LNK2019: unresolved external symbol _SDL_SetRelativeMouseMode referenced in function "bool __cdecl initSDL(void)" (?initSDL@@YA_NXZ)
main.obj : error LNK2019: unresolved external symbol _SDL_PollEvent referenced in function "bool __cdecl HandleEvents(void)" (?HandleEvents@@YA_NXZ)
main.obj : error LNK2019: unresolved external symbol _SDL_Init referenced in function "bool __cdecl initSDL(void)" (?initSDL@@YA_NXZ)
main.obj : error LNK2019: unresolved external symbol __imp__glClear@4 referenced in function "bool __cdecl HandleEvents(void)" (?HandleEvents@@YA_NXZ)
main.obj : error LNK2019: unresolved external symbol __imp__glClearColor@16 referenced in function "void __cdecl myinit(void)" (?myinit@@YAXXZ)
main.obj : error LNK2019: unresolved external symbol _TTF_Init referenced in function "bool __cdecl initSDL(void)" (?initSDL@@YA_NXZ)
main.obj : error LNK2019: unresolved external symbol _Mix_OpenAudio referenced in function "bool __cdecl initSDL(void)" (?initSDL@@YA_NXZ)
RenderableObject.obj : error LNK2019: unresolved external symbol "unsigned int __cdecl loadImage(char const *)" (?loadImage@@YAIPBD@Z) referenced in function "public: void __thiscall RenderableObject::GenerateSubObjects(void)" (?GenerateSubObjects@RenderableObject@@QAEXXZ)
RenderableObject.obj : error LNK2019: unresolved external symbol "public: bool __thiscall Shader::hasAttribute(class std::basic_string<char,struct std::char_traits<char>,class std::allocator<char> >)const " (?hasAttribute@Shader@@QBE_NV?$basic_string@DU?$char_traits@D@std@@V?$allocator@D@2@@std@@@Z) referenced in function "public: void __thiscall RenderableObject::Render(struct glm::tmat4x4<float,0>,struct glm::tmat4x4<float,0>,struct glm::tmat4x4<float,0>)" (?Render@RenderableObject@@QAEXU?$tmat4x4@M$0A@@glm@@00@Z)
ShaderLibrary.obj : error LNK2019: unresolved external symbol "public: __thiscall Shader::Shader(class std::basic_string<char,struct std::char_traits<char>,class std::allocator<char> >,class std::basic_string<char,struct std::char_traits<char>,class std::allocator<char> >,class std::basic_string<char,struct std::char_traits<char>,class std::allocator<char> >,class std::vector<class std::basic_string<char,struct std::char_traits<char>,class std::allocator<char> >,class std::allocator<class std::basic_string<char,struct std::char_traits<char>,class std::allocator<char> > > >,class std::vector<class std::basic_string<char,struct std::char_traits<char>,class std::allocator<char> >,class std::allocator<class std::basic_string<char,struct std::char_traits<char>,class std::allocator<char> > > >)" (??0Shader@@QAE@V?$basic_string@DU?$char_traits@D@std@@V?$allocator@D@2@@std@@00V?$vector@V?$basic_string@DU?$char_traits@D@std@@V?$allocator@D@2@@std@@V?$allocator@V?$basic_string@DU?$char_traits@D@std@@V?$allocator@D@2@@std@@@2@@2@1@Z) referenced in function "public: void __thiscall ShaderLibrary::addShader(class std::basic_string<char,struct std::char_traits<char>,class std::allocator<char> >,class std::vector<class std::basic_string<char,struct std::char_traits<char>,class std::allocator<char> >,class std::allocator<class std::basic_string<char,struct std::char_traits<char>,class std::allocator<char> > > >,class std::vector<class std::basic_string<char,struct std::char_traits<char>,class std::allocator<char> >,class std::allocator<class std::basic_string<char,struct std::char_traits<char>,class std::allocator<char> > > >)" (?addShader@ShaderLibrary@@QAEXV?$basic_string@DU?$char_traits@D@std@@V?$allocator@D@2@@std@@V?$vector@V?$basic_string@DU?$char_traits@D@std@@V?$allocator@D@2@@std@@V?$allocator@V?$basic_string@DU?$char_traits@D@std@@V?$allocator@D@2@@std@@@2@@3@1@Z)
ShaderLibrary.obj : error LNK2019: unresolved external symbol "public: void __thiscall Shader::bind(void)const " (?bind@Shader@@QBEXXZ) referenced in function "public: void __thiscall ShaderLibrary::bindDefaultShader(void)" (?bindDefaultShader@ShaderLibrary@@QAEXXZ)
SoundManager.obj : error LNK2019: unresolved external symbol _SDL_RWFromFile referenced in function "public: void __thiscall SoundManager::AddSound(class std::basic_string<char,struct std::char_traits<char>,class std::allocator<char> >,class std::basic_string<char,struct std::char_traits<char>,class std::allocator<char> >)" (?AddSound@SoundManager@@QAEXV?$basic_string@DU?$char_traits@D@std@@V?$allocator@D@2@@std@@0@Z)
SoundManager.obj : error LNK2019: unresolved external symbol _Mix_AllocateChannels referenced in function "public: static void __cdecl SoundManager::initSoundManager(void)" (?initSoundManager@SoundManager@@SAXXZ)
SoundManager.obj : error LNK2019: unresolved external symbol _Mix_LoadWAV_RW referenced in function "public: void __thiscall SoundManager::AddSound(class std::basic_string<char,struct std::char_traits<char>,class std::allocator<char> >,class std::basic_string<char,struct std::char_traits<char>,class std::allocator<char> >)" (?AddSound@SoundManager@@QAEXV?$basic_string@DU?$char_traits@D@std@@V?$allocator@D@2@@std@@0@Z)
SoundManager.obj : error LNK2019: unresolved external symbol _Mix_ChannelFinished referenced in function "public: static void __cdecl SoundManager::initSoundManager(void)" (?initSoundManager@SoundManager@@SAXXZ)
SoundManager.obj : error LNK2019: unresolved external symbol _Mix_PlayChannelTimed referenced in function "public: int __thiscall SoundManager::PlaySound(class std::basic_string<char,struct std::char_traits<char>,class std::allocator<char> >,int)" (?PlaySound@SoundManager@@QAEHV?$basic_string@DU?$char_traits@D@std@@V?$allocator@D@2@@std@@H@Z)
SoundManager.obj : error LNK2019: unresolved external symbol _Mix_HaltChannel referenced in function "public: void __thiscall SoundManager::PauseChannel(int)" (?PauseChannel@SoundManager@@QAEXH@Z)
SoundManager.obj : error LNK2019: unresolved external symbol _Mix_Resume referenced in function "public: void __thiscall SoundManager::ResumeChannel(int)" (?ResumeChannel@SoundManager@@QAEXH@Z)
MSVCRTD.lib(exe_main.obj) : error LNK2019: unresolved external symbol _main referenced in function "int __cdecl invoke_main(void)" (?invoke_main@@YAHXZ)
C:\Users\Dan\Desktop\Engine\Engine\OpenGLEngine\3rdParty\SDL\lib\SDL2.lib : warning LNK4272: library machine type 'x64' conflicts with target machine type 'X86'
C:\Users\Dan\Desktop\Engine\Engine\OpenGLEngine\3rdParty\SDL\lib\SDL2main.lib : warning LNK4272: library machine type 'x64' conflicts with target machine type 'X86'
C:\Users\Dan\Desktop\Engine\Engine\OpenGLEngine\3rdParty\SDL\lib\SDL2_mixer.lib : warning LNK4272: library machine type 'x64' conflicts with target machine type 'X86'
C:\Users\Dan\Desktop\Engine\Engine\OpenGLEngine\3rdParty\SDL\lib\SDL2_ttf.lib : warning LNK4272: library machine type 'x64' conflicts with target machine type 'X86'
C:\Users\Dan\Desktop\Engine\Engine\OpenGLEngine\3rdParty\SDL\lib\SDL2_image.lib : warning LNK4272: library machine type 'x64' conflicts with target machine type 'X86'
C:\Users\Dan\Desktop\Engine\Engine\OpenGLEngine\Debug\OpenGLEngine.exe : fatal error LNK1120: 44 unresolved externals
